<?xml version="1.0" encoding="UTF-8"?>
<testng-results ignored="4" total="5" passed="1" failed="0" skipped="0">
  <reporter-output>
  </reporter-output>
  <suite started-at="2024-08-09T13:08:05 IST" name="Default suite" finished-at="2024-08-09T13:08:10 IST" duration-ms="5521">
    <groups>
    </groups>
    <test started-at="2024-08-09T13:08:05 IST" name="Default test" finished-at="2024-08-09T13:08:10 IST" duration-ms="5521">
      <class name="revision2.Table">
        <test-method is-config="true" signature="initialiseBrowser()[pri:0, instance:revision2.Table@21282ed8]" started-at="2024-08-09T13:08:05 IST" name="initialiseBrowser" finished-at="2024-08-09T13:08:09 IST" duration-ms="4646" status="PASS">
          <reporter-output>
          </reporter-output>
        </test-method> <!-- initialiseBrowser -->
        <test-method signature="tableprint()[pri:0, instance:revision2.Table@21282ed8]" started-at="2024-08-09T13:08:09 IST" name="tableprint" finished-at="2024-08-09T13:08:10 IST" duration-ms="830" status="PASS">
          <reporter-output>
          </reporter-output>
        </test-method> <!-- tableprint -->
      </class> <!-- revision2.Table -->
    </test> <!-- Default test -->
  </suite> <!-- Default suite -->
</testng-results>
