<?xml version="1.0" encoding="UTF-8"?>
<!-- Generated by org.testng.reporters.JUnitXMLReporter -->
<testsuite ignored="4" hostname="DESKTOP-P8KL1PI" failures="0" tests="1" name="Default test" time="5.521" errors="0" timestamp="2024-08-09T13:08:10 IST">
  <testcase classname="revision2.Table" name="tableprint" time="0.83"/>
  <testcase classname="revision2.Table" name="search" time="0.0">
    <ignored/>
  </testcase> <!-- search -->
  <testcase classname="revision2.Table" name="coulmn" time="0.0">
    <ignored/>
  </testcase> <!-- coulmn -->
  <testcase classname="revision2.Table" name="row" time="0.0">
    <ignored/>
  </testcase> <!-- row -->
  <testcase classname="revision2.Table" name="cell" time="0.0">
    <ignored/>
  </testcase> <!-- cell -->
</testsuite> <!-- Default test -->
